Terminals unused in grammar

   DIGITO
   LETRA
   LETRA_MINUS
   LETRA_MAYUS
   CARACTER
   LLAVE_I
   LLAVE_F
   COMENTARIO_I
   COMENTARIO_F
   COMP_MAYOR_ESTR
   COMP_MENOR_ESTR
   COMP_MAYOR_IGUAL
   COMP_MENOR_IGUAL
   COMP_IGUAL
   COMP_DIST


Gramática

    0 $accept: start $end

    1 start: programa
    2      | /* vacío */

    3 $@1: /* vacío */

    4 programa: INICIO_PROGRAMA $@1 bloque FIN_PROGRAMA

    5 bloque: lista_sentencias

    6 lista_sentencias: sentencia
    7                 | lista_sentencias sentencia

    8 sentencia: bloque_declaracion
    9          | asignacion
   10          | lectura
   11          | escritura
   12          | iteracion
   13          | seleccion
   14          | COMENTARIO

   15 $@2: /* vacío */

   16 asignacion: ID $@2 OP_ASIG expresion

   17 $@3: /* vacío */

   18 $@4: /* vacío */

   19 $@5: /* vacío */

   20 iteracion: WHILE PARENTESIS_I condicion $@3 PARENTESIS_F $@4 DO bloque $@5 ENDWHILE

   21 $@6: /* vacío */

   22 $@7: /* vacío */

   23 seleccion: IF $@6 PARENTESIS_I condicion PARENTESIS_F $@7 DO resto ENDIF

   24 condicion: comparacion

   25 $@8: /* vacío */

   26 condicion: comparacion and_or $@8 comparacion
   27          | OP_NOT comparacion
   28          | between
   29          | inlist

   30 and_or: OP_AND
   31       | OP_OR

   32 comparacion: expresion COMPARADOR expresion

   33 resto: bloque

   34 $@9: /* vacío */

   35 $@10: /* vacío */

   36 resto: bloque $@9 ELSE $@10 bloque

   37 $@11: /* vacío */

   38 $@12: /* vacío */

   39 $@13: /* vacío */

   40 $@14: /* vacío */

   41 resto: bloque $@11 ELSIF $@12 PARENTESIS_I condicion PARENTESIS_F $@13 bloque ELSE $@14 bloque

   42 lectura: READ ID

   43 escritura: WRITE ID
   44          | WRITE CTE_STRING

   45 $@15: /* vacío */

   46 bloque_declaracion: DECVAR $@15 declaraciones ENDDEC

   47 declaraciones: declaraciones lista_id_y_tipo
   48              | lista_id_y_tipo

   49 lista_id_y_tipo: var_dec COMA lista_id_y_tipo
   50                | var_dec OP_DEC tipodato

   51 var_dec: ID

   52 $@16: /* vacío */

   53 $@17: /* vacío */

   54 var_dec: ID $@16 PARENTESIS_I CTE_INT $@17 PARENTESIS_F

   55 tipodato: INTEGER
   56         | FLOAT
   57         | STRING

   58 $@18: /* vacío */

   59 expresion: expresion OP_SUM $@18 termino

   60 $@19: /* vacío */

   61 expresion: expresion OP_REST $@19 termino
   62          | termino

   63 $@20: /* vacío */

   64 termino: termino OP_MULT $@20 factor

   65 $@21: /* vacío */

   66 termino: termino OP_DIV $@21 factor
   67        | factor

   68 factor: CTE_INT
   69       | CTE_FLOAT
   70       | CTE_STRING
   71       | ID
   72       | PARENTESIS_I expresion PARENTESIS_F

   73 $@22: /* vacío */

   74 $@23: /* vacío */

   75 between: BETWEEN $@22 PARENTESIS_I ID $@23 COMA rango PARENTESIS_F

   76 rango: CORCHETE_I expresion PUNTO_Y_COMA expresion CORCHETE_F

   77 $@24: /* vacío */

   78 $@25: /* vacío */

   79 inlist: INLIST $@24 PARENTESIS_I ID $@25 PUNTO_Y_COMA lista_expresiones PARENTESIS_F

   80 lista_expresiones: CORCHETE_I expresiones CORCHETE_F

   81 expresiones: expresion
   82            | expresion PUNTO_Y_COMA expresiones


Terminales con las reglas donde aparecen

$end (0) 0
error (256)
DIGITO (258)
LETRA (259)
LETRA_MINUS (260)
LETRA_MAYUS (261)
CARACTER (262)
CTE_INT (263) 54 68
CTE_FLOAT (264) 69
CTE_STRING (265) 44 70
ID (266) 16 42 43 51 54 71 75 79
INICIO_PROGRAMA (267) 4
FIN_PROGRAMA (268) 4
OP_SUM (269) 59
OP_REST (270) 61
OP_MULT (271) 64
OP_DIV (272) 66
OP_ASIG (273) 16
OP_DEC (274) 50
OP_AND (275) 30
OP_OR (276) 31
OP_NOT (277) 27
COMPARADOR (278) 32
PARENTESIS_I (279) 20 23 41 54 72 75 79
PARENTESIS_F (280) 20 23 41 54 72 75 79
LLAVE_I (281)
LLAVE_F (282)
CORCHETE_I (283) 76 80
CORCHETE_F (284) 76 80
COMENTARIO_I (285)
COMENTARIO_F (286)
PUNTO_Y_COMA (287) 76 79 82
COMA (288) 49 75
COMP_MAYOR_ESTR (289)
COMP_MENOR_ESTR (290)
COMP_MAYOR_IGUAL (291)
COMP_MENOR_IGUAL (292)
COMP_IGUAL (293)
COMP_DIST (294)
DECVAR (295) 46
ENDDEC (296) 46
WHILE (297) 20
ENDWHILE (298) 20
DO (299) 20 23
IF (300) 23
ELSE (301) 36 41
ELSIF (302) 41
ENDIF (303) 23
INTEGER (304) 55
FLOAT (305) 56
STRING (306) 57
READ (307) 42
WRITE (308) 43 44
BETWEEN (309) 75
INLIST (310) 79
COMENTARIO (311) 14


No terminales con las reglas donde aparecen

$accept (57)
    en la izquierda: 0
start (58)
    en la izquierda: 1 2, en la derecha: 0
programa (59)
    en la izquierda: 4, en la derecha: 1
$@1 (60)
    en la izquierda: 3, en la derecha: 4
bloque (61)
    en la izquierda: 5, en la derecha: 4 20 33 36 41
lista_sentencias (62)
    en la izquierda: 6 7, en la derecha: 5 7
sentencia (63)
    en la izquierda: 8 9 10 11 12 13 14, en la derecha: 6 7
asignacion (64)
    en la izquierda: 16, en la derecha: 9
$@2 (65)
    en la izquierda: 15, en la derecha: 16
iteracion (66)
    en la izquierda: 20, en la derecha: 12
$@3 (67)
    en la izquierda: 17, en la derecha: 20
$@4 (68)
    en la izquierda: 18, en la derecha: 20
$@5 (69)
    en la izquierda: 19, en la derecha: 20
seleccion (70)
    en la izquierda: 23, en la derecha: 13
$@6 (71)
    en la izquierda: 21, en la derecha: 23
$@7 (72)
    en la izquierda: 22, en la derecha: 23
condicion (73)
    en la izquierda: 24 26 27 28 29, en la derecha: 20 23 41
$@8 (74)
    en la izquierda: 25, en la derecha: 26
and_or (75)
    en la izquierda: 30 31, en la derecha: 26
comparacion (76)
    en la izquierda: 32, en la derecha: 24 26 27
resto (77)
    en la izquierda: 33 36 41, en la derecha: 23
$@9 (78)
    en la izquierda: 34, en la derecha: 36
$@10 (79)
    en la izquierda: 35, en la derecha: 36
$@11 (80)
    en la izquierda: 37, en la derecha: 41
$@12 (81)
    en la izquierda: 38, en la derecha: 41
$@13 (82)
    en la izquierda: 39, en la derecha: 41
$@14 (83)
    en la izquierda: 40, en la derecha: 41
lectura (84)
    en la izquierda: 42, en la derecha: 10
escritura (85)
    en la izquierda: 43 44, en la derecha: 11
bloque_declaracion (86)
    en la izquierda: 46, en la derecha: 8
$@15 (87)
    en la izquierda: 45, en la derecha: 46
declaraciones (88)
    en la izquierda: 47 48, en la derecha: 46 47
lista_id_y_tipo (89)
    en la izquierda: 49 50, en la derecha: 47 48 49
var_dec (90)
    en la izquierda: 51 54, en la derecha: 49 50
$@16 (91)
    en la izquierda: 52, en la derecha: 54
$@17 (92)
    en la izquierda: 53, en la derecha: 54
tipodato (93)
    en la izquierda: 55 56 57, en la derecha: 50
expresion (94)
    en la izquierda: 59 61 62, en la derecha: 16 32 59 61 72 76 81
    82
$@18 (95)
    en la izquierda: 58, en la derecha: 59
$@19 (96)
    en la izquierda: 60, en la derecha: 61
termino (97)
    en la izquierda: 64 66 67, en la derecha: 59 61 62 64 66
$@20 (98)
    en la izquierda: 63, en la derecha: 64
$@21 (99)
    en la izquierda: 65, en la derecha: 66
factor (100)
    en la izquierda: 68 69 70 71 72, en la derecha: 64 66 67
between (101)
    en la izquierda: 75, en la derecha: 28
$@22 (102)
    en la izquierda: 73, en la derecha: 75
$@23 (103)
    en la izquierda: 74, en la derecha: 75
rango (104)
    en la izquierda: 76, en la derecha: 75
inlist (105)
    en la izquierda: 79, en la derecha: 29
$@24 (106)
    en la izquierda: 77, en la derecha: 79
$@25 (107)
    en la izquierda: 78, en la derecha: 79
lista_expresiones (108)
    en la izquierda: 80, en la derecha: 79
expresiones (109)
    en la izquierda: 81 82, en la derecha: 80 82


estado 0

    0 $accept: . start $end

    INICIO_PROGRAMA  desplazar e ir al estado 1

    $default  reduce usando la regla 2 (start)

    start     ir al estado 2
    programa  ir al estado 3


estado 1

    4 programa: INICIO_PROGRAMA . $@1 bloque FIN_PROGRAMA

    $default  reduce usando la regla 3 ($@1)

    $@1  ir al estado 4


estado 2

    0 $accept: start . $end

    $end  desplazar e ir al estado 5


estado 3

    1 start: programa .

    $default  reduce usando la regla 1 (start)


estado 4

    4 programa: INICIO_PROGRAMA $@1 . bloque FIN_PROGRAMA

    ID          desplazar e ir al estado 6
    DECVAR      desplazar e ir al estado 7
    WHILE       desplazar e ir al estado 8
    IF          desplazar e ir al estado 9
    READ        desplazar e ir al estado 10
    WRITE       desplazar e ir al estado 11
    COMENTARIO  desplazar e ir al estado 12

    bloque              ir al estado 13
    lista_sentencias    ir al estado 14
    sentencia           ir al estado 15
    asignacion          ir al estado 16
    iteracion           ir al estado 17
    seleccion           ir al estado 18
    lectura             ir al estado 19
    escritura           ir al estado 20
    bloque_declaracion  ir al estado 21


estado 5

    0 $accept: start $end .

    $default  aceptar


estado 6

   16 asignacion: ID . $@2 OP_ASIG expresion

    $default  reduce usando la regla 15 ($@2)

    $@2  ir al estado 22


estado 7

   46 bloque_declaracion: DECVAR . $@15 declaraciones ENDDEC

    $default  reduce usando la regla 45 ($@15)

    $@15  ir al estado 23


estado 8

   20 iteracion: WHILE . PARENTESIS_I condicion $@3 PARENTESIS_F $@4 DO bloque $@5 ENDWHILE

    PARENTESIS_I  desplazar e ir al estado 24


estado 9

   23 seleccion: IF . $@6 PARENTESIS_I condicion PARENTESIS_F $@7 DO resto ENDIF

    $default  reduce usando la regla 21 ($@6)

    $@6  ir al estado 25


estado 10

   42 lectura: READ . ID

    ID  desplazar e ir al estado 26


estado 11

   43 escritura: WRITE . ID
   44          | WRITE . CTE_STRING

    CTE_STRING  desplazar e ir al estado 27
    ID          desplazar e ir al estado 28


estado 12

   14 sentencia: COMENTARIO .

    $default  reduce usando la regla 14 (sentencia)


estado 13

    4 programa: INICIO_PROGRAMA $@1 bloque . FIN_PROGRAMA

    FIN_PROGRAMA  desplazar e ir al estado 29


estado 14

    5 bloque: lista_sentencias .
    7 lista_sentencias: lista_sentencias . sentencia

    ID          desplazar e ir al estado 6
    DECVAR      desplazar e ir al estado 7
    WHILE       desplazar e ir al estado 8
    IF          desplazar e ir al estado 9
    READ        desplazar e ir al estado 10
    WRITE       desplazar e ir al estado 11
    COMENTARIO  desplazar e ir al estado 12

    $default  reduce usando la regla 5 (bloque)

    sentencia           ir al estado 30
    asignacion          ir al estado 16
    iteracion           ir al estado 17
    seleccion           ir al estado 18
    lectura             ir al estado 19
    escritura           ir al estado 20
    bloque_declaracion  ir al estado 21


estado 15

    6 lista_sentencias: sentencia .

    $default  reduce usando la regla 6 (lista_sentencias)


estado 16

    9 sentencia: asignacion .

    $default  reduce usando la regla 9 (sentencia)


estado 17

   12 sentencia: iteracion .

    $default  reduce usando la regla 12 (sentencia)


estado 18

   13 sentencia: seleccion .

    $default  reduce usando la regla 13 (sentencia)


estado 19

   10 sentencia: lectura .

    $default  reduce usando la regla 10 (sentencia)


estado 20

   11 sentencia: escritura .

    $default  reduce usando la regla 11 (sentencia)


estado 21

    8 sentencia: bloque_declaracion .

    $default  reduce usando la regla 8 (sentencia)


estado 22

   16 asignacion: ID $@2 . OP_ASIG expresion

    OP_ASIG  desplazar e ir al estado 31


estado 23

   46 bloque_declaracion: DECVAR $@15 . declaraciones ENDDEC

    ID  desplazar e ir al estado 32

    declaraciones    ir al estado 33
    lista_id_y_tipo  ir al estado 34
    var_dec          ir al estado 35


estado 24

   20 iteracion: WHILE PARENTESIS_I . condicion $@3 PARENTESIS_F $@4 DO bloque $@5 ENDWHILE

    CTE_INT       desplazar e ir al estado 36
    CTE_FLOAT     desplazar e ir al estado 37
    CTE_STRING    desplazar e ir al estado 38
    ID            desplazar e ir al estado 39
    OP_NOT        desplazar e ir al estado 40
    PARENTESIS_I  desplazar e ir al estado 41
    BETWEEN       desplazar e ir al estado 42
    INLIST        desplazar e ir al estado 43

    condicion    ir al estado 44
    comparacion  ir al estado 45
    expresion    ir al estado 46
    termino      ir al estado 47
    factor       ir al estado 48
    between      ir al estado 49
    inlist       ir al estado 50


estado 25

   23 seleccion: IF $@6 . PARENTESIS_I condicion PARENTESIS_F $@7 DO resto ENDIF

    PARENTESIS_I  desplazar e ir al estado 51


estado 26

   42 lectura: READ ID .

    $default  reduce usando la regla 42 (lectura)


estado 27

   44 escritura: WRITE CTE_STRING .

    $default  reduce usando la regla 44 (escritura)


estado 28

   43 escritura: WRITE ID .

    $default  reduce usando la regla 43 (escritura)


estado 29

    4 programa: INICIO_PROGRAMA $@1 bloque FIN_PROGRAMA .

    $default  reduce usando la regla 4 (programa)


estado 30

    7 lista_sentencias: lista_sentencias sentencia .

    $default  reduce usando la regla 7 (lista_sentencias)


estado 31

   16 asignacion: ID $@2 OP_ASIG . expresion

    CTE_INT       desplazar e ir al estado 36
    CTE_FLOAT     desplazar e ir al estado 37
    CTE_STRING    desplazar e ir al estado 38
    ID            desplazar e ir al estado 39
    PARENTESIS_I  desplazar e ir al estado 41

    expresion  ir al estado 52
    termino    ir al estado 47
    factor     ir al estado 48


estado 32

   51 var_dec: ID .
   54        | ID . $@16 PARENTESIS_I CTE_INT $@17 PARENTESIS_F

    PARENTESIS_I  reduce usando la regla 52 ($@16)
    $default      reduce usando la regla 51 (var_dec)

    $@16  ir al estado 53


estado 33

   46 bloque_declaracion: DECVAR $@15 declaraciones . ENDDEC
   47 declaraciones: declaraciones . lista_id_y_tipo

    ID      desplazar e ir al estado 32
    ENDDEC  desplazar e ir al estado 54

    lista_id_y_tipo  ir al estado 55
    var_dec          ir al estado 35


estado 34

   48 declaraciones: lista_id_y_tipo .

    $default  reduce usando la regla 48 (declaraciones)


estado 35

   49 lista_id_y_tipo: var_dec . COMA lista_id_y_tipo
   50                | var_dec . OP_DEC tipodato

    OP_DEC  desplazar e ir al estado 56
    COMA    desplazar e ir al estado 57


estado 36

   68 factor: CTE_INT .

    $default  reduce usando la regla 68 (factor)


estado 37

   69 factor: CTE_FLOAT .

    $default  reduce usando la regla 69 (factor)


estado 38

   70 factor: CTE_STRING .

    $default  reduce usando la regla 70 (factor)


estado 39

   71 factor: ID .

    $default  reduce usando la regla 71 (factor)


estado 40

   27 condicion: OP_NOT . comparacion

    CTE_INT       desplazar e ir al estado 36
    CTE_FLOAT     desplazar e ir al estado 37
    CTE_STRING    desplazar e ir al estado 38
    ID            desplazar e ir al estado 39
    PARENTESIS_I  desplazar e ir al estado 41

    comparacion  ir al estado 58
    expresion    ir al estado 46
    termino      ir al estado 47
    factor       ir al estado 48


estado 41

   72 factor: PARENTESIS_I . expresion PARENTESIS_F

    CTE_INT       desplazar e ir al estado 36
    CTE_FLOAT     desplazar e ir al estado 37
    CTE_STRING    desplazar e ir al estado 38
    ID            desplazar e ir al estado 39
    PARENTESIS_I  desplazar e ir al estado 41

    expresion  ir al estado 59
    termino    ir al estado 47
    factor     ir al estado 48


estado 42

   75 between: BETWEEN . $@22 PARENTESIS_I ID $@23 COMA rango PARENTESIS_F

    $default  reduce usando la regla 73 ($@22)

    $@22  ir al estado 60


estado 43

   79 inlist: INLIST . $@24 PARENTESIS_I ID $@25 PUNTO_Y_COMA lista_expresiones PARENTESIS_F

    $default  reduce usando la regla 77 ($@24)

    $@24  ir al estado 61


estado 44

   20 iteracion: WHILE PARENTESIS_I condicion . $@3 PARENTESIS_F $@4 DO bloque $@5 ENDWHILE

    $default  reduce usando la regla 17 ($@3)

    $@3  ir al estado 62


estado 45

   24 condicion: comparacion .
   26          | comparacion . and_or $@8 comparacion

    OP_AND  desplazar e ir al estado 63
    OP_OR   desplazar e ir al estado 64

    $default  reduce usando la regla 24 (condicion)

    and_or  ir al estado 65


estado 46

   32 comparacion: expresion . COMPARADOR expresion
   59 expresion: expresion . OP_SUM $@18 termino
   61          | expresion . OP_REST $@19 termino

    OP_SUM      desplazar e ir al estado 66
    OP_REST     desplazar e ir al estado 67
    COMPARADOR  desplazar e ir al estado 68


estado 47

   62 expresion: termino .
   64 termino: termino . OP_MULT $@20 factor
   66        | termino . OP_DIV $@21 factor

    OP_MULT  desplazar e ir al estado 69
    OP_DIV   desplazar e ir al estado 70

    $default  reduce usando la regla 62 (expresion)


estado 48

   67 termino: factor .

    $default  reduce usando la regla 67 (termino)


estado 49

   28 condicion: between .

    $default  reduce usando la regla 28 (condicion)


estado 50

   29 condicion: inlist .

    $default  reduce usando la regla 29 (condicion)


estado 51

   23 seleccion: IF $@6 PARENTESIS_I . condicion PARENTESIS_F $@7 DO resto ENDIF

    CTE_INT       desplazar e ir al estado 36
    CTE_FLOAT     desplazar e ir al estado 37
    CTE_STRING    desplazar e ir al estado 38
    ID            desplazar e ir al estado 39
    OP_NOT        desplazar e ir al estado 40
    PARENTESIS_I  desplazar e ir al estado 41
    BETWEEN       desplazar e ir al estado 42
    INLIST        desplazar e ir al estado 43

    condicion    ir al estado 71
    comparacion  ir al estado 45
    expresion    ir al estado 46
    termino      ir al estado 47
    factor       ir al estado 48
    between      ir al estado 49
    inlist       ir al estado 50


estado 52

   16 asignacion: ID $@2 OP_ASIG expresion .
   59 expresion: expresion . OP_SUM $@18 termino
   61          | expresion . OP_REST $@19 termino

    OP_SUM   desplazar e ir al estado 66
    OP_REST  desplazar e ir al estado 67

    $default  reduce usando la regla 16 (asignacion)


estado 53

   54 var_dec: ID $@16 . PARENTESIS_I CTE_INT $@17 PARENTESIS_F

    PARENTESIS_I  desplazar e ir al estado 72


estado 54

   46 bloque_declaracion: DECVAR $@15 declaraciones ENDDEC .

    $default  reduce usando la regla 46 (bloque_declaracion)


estado 55

   47 declaraciones: declaraciones lista_id_y_tipo .

    $default  reduce usando la regla 47 (declaraciones)


estado 56

   50 lista_id_y_tipo: var_dec OP_DEC . tipodato

    INTEGER  desplazar e ir al estado 73
    FLOAT    desplazar e ir al estado 74
    STRING   desplazar e ir al estado 75

    tipodato  ir al estado 76


estado 57

   49 lista_id_y_tipo: var_dec COMA . lista_id_y_tipo

    ID  desplazar e ir al estado 32

    lista_id_y_tipo  ir al estado 77
    var_dec          ir al estado 35


estado 58

   27 condicion: OP_NOT comparacion .

    $default  reduce usando la regla 27 (condicion)


estado 59

   59 expresion: expresion . OP_SUM $@18 termino
   61          | expresion . OP_REST $@19 termino
   72 factor: PARENTESIS_I expresion . PARENTESIS_F

    OP_SUM        desplazar e ir al estado 66
    OP_REST       desplazar e ir al estado 67
    PARENTESIS_F  desplazar e ir al estado 78


estado 60

   75 between: BETWEEN $@22 . PARENTESIS_I ID $@23 COMA rango PARENTESIS_F

    PARENTESIS_I  desplazar e ir al estado 79


estado 61

   79 inlist: INLIST $@24 . PARENTESIS_I ID $@25 PUNTO_Y_COMA lista_expresiones PARENTESIS_F

    PARENTESIS_I  desplazar e ir al estado 80


estado 62

   20 iteracion: WHILE PARENTESIS_I condicion $@3 . PARENTESIS_F $@4 DO bloque $@5 ENDWHILE

    PARENTESIS_F  desplazar e ir al estado 81


estado 63

   30 and_or: OP_AND .

    $default  reduce usando la regla 30 (and_or)


estado 64

   31 and_or: OP_OR .

    $default  reduce usando la regla 31 (and_or)


estado 65

   26 condicion: comparacion and_or . $@8 comparacion

    $default  reduce usando la regla 25 ($@8)

    $@8  ir al estado 82


estado 66

   59 expresion: expresion OP_SUM . $@18 termino

    $default  reduce usando la regla 58 ($@18)

    $@18  ir al estado 83


estado 67

   61 expresion: expresion OP_REST . $@19 termino

    $default  reduce usando la regla 60 ($@19)

    $@19  ir al estado 84


estado 68

   32 comparacion: expresion COMPARADOR . expresion

    CTE_INT       desplazar e ir al estado 36
    CTE_FLOAT     desplazar e ir al estado 37
    CTE_STRING    desplazar e ir al estado 38
    ID            desplazar e ir al estado 39
    PARENTESIS_I  desplazar e ir al estado 41

    expresion  ir al estado 85
    termino    ir al estado 47
    factor     ir al estado 48


estado 69

   64 termino: termino OP_MULT . $@20 factor

    $default  reduce usando la regla 63 ($@20)

    $@20  ir al estado 86


estado 70

   66 termino: termino OP_DIV . $@21 factor

    $default  reduce usando la regla 65 ($@21)

    $@21  ir al estado 87


estado 71

   23 seleccion: IF $@6 PARENTESIS_I condicion . PARENTESIS_F $@7 DO resto ENDIF

    PARENTESIS_F  desplazar e ir al estado 88


estado 72

   54 var_dec: ID $@16 PARENTESIS_I . CTE_INT $@17 PARENTESIS_F

    CTE_INT  desplazar e ir al estado 89


estado 73

   55 tipodato: INTEGER .

    $default  reduce usando la regla 55 (tipodato)


estado 74

   56 tipodato: FLOAT .

    $default  reduce usando la regla 56 (tipodato)


estado 75

   57 tipodato: STRING .

    $default  reduce usando la regla 57 (tipodato)


estado 76

   50 lista_id_y_tipo: var_dec OP_DEC tipodato .

    $default  reduce usando la regla 50 (lista_id_y_tipo)


estado 77

   49 lista_id_y_tipo: var_dec COMA lista_id_y_tipo .

    $default  reduce usando la regla 49 (lista_id_y_tipo)


estado 78

   72 factor: PARENTESIS_I expresion PARENTESIS_F .

    $default  reduce usando la regla 72 (factor)


estado 79

   75 between: BETWEEN $@22 PARENTESIS_I . ID $@23 COMA rango PARENTESIS_F

    ID  desplazar e ir al estado 90


estado 80

   79 inlist: INLIST $@24 PARENTESIS_I . ID $@25 PUNTO_Y_COMA lista_expresiones PARENTESIS_F

    ID  desplazar e ir al estado 91


estado 81

   20 iteracion: WHILE PARENTESIS_I condicion $@3 PARENTESIS_F . $@4 DO bloque $@5 ENDWHILE

    $default  reduce usando la regla 18 ($@4)

    $@4  ir al estado 92


estado 82

   26 condicion: comparacion and_or $@8 . comparacion

    CTE_INT       desplazar e ir al estado 36
    CTE_FLOAT     desplazar e ir al estado 37
    CTE_STRING    desplazar e ir al estado 38
    ID            desplazar e ir al estado 39
    PARENTESIS_I  desplazar e ir al estado 41

    comparacion  ir al estado 93
    expresion    ir al estado 46
    termino      ir al estado 47
    factor       ir al estado 48


estado 83

   59 expresion: expresion OP_SUM $@18 . termino

    CTE_INT       desplazar e ir al estado 36
    CTE_FLOAT     desplazar e ir al estado 37
    CTE_STRING    desplazar e ir al estado 38
    ID            desplazar e ir al estado 39
    PARENTESIS_I  desplazar e ir al estado 41

    termino  ir al estado 94
    factor   ir al estado 48


estado 84

   61 expresion: expresion OP_REST $@19 . termino

    CTE_INT       desplazar e ir al estado 36
    CTE_FLOAT     desplazar e ir al estado 37
    CTE_STRING    desplazar e ir al estado 38
    ID            desplazar e ir al estado 39
    PARENTESIS_I  desplazar e ir al estado 41

    termino  ir al estado 95
    factor   ir al estado 48


estado 85

   32 comparacion: expresion COMPARADOR expresion .
   59 expresion: expresion . OP_SUM $@18 termino
   61          | expresion . OP_REST $@19 termino

    OP_SUM   desplazar e ir al estado 66
    OP_REST  desplazar e ir al estado 67

    $default  reduce usando la regla 32 (comparacion)


estado 86

   64 termino: termino OP_MULT $@20 . factor

    CTE_INT       desplazar e ir al estado 36
    CTE_FLOAT     desplazar e ir al estado 37
    CTE_STRING    desplazar e ir al estado 38
    ID            desplazar e ir al estado 39
    PARENTESIS_I  desplazar e ir al estado 41

    factor  ir al estado 96


estado 87

   66 termino: termino OP_DIV $@21 . factor

    CTE_INT       desplazar e ir al estado 36
    CTE_FLOAT     desplazar e ir al estado 37
    CTE_STRING    desplazar e ir al estado 38
    ID            desplazar e ir al estado 39
    PARENTESIS_I  desplazar e ir al estado 41

    factor  ir al estado 97


estado 88

   23 seleccion: IF $@6 PARENTESIS_I condicion PARENTESIS_F . $@7 DO resto ENDIF

    $default  reduce usando la regla 22 ($@7)

    $@7  ir al estado 98


estado 89

   54 var_dec: ID $@16 PARENTESIS_I CTE_INT . $@17 PARENTESIS_F

    $default  reduce usando la regla 53 ($@17)

    $@17  ir al estado 99


estado 90

   75 between: BETWEEN $@22 PARENTESIS_I ID . $@23 COMA rango PARENTESIS_F

    $default  reduce usando la regla 74 ($@23)

    $@23  ir al estado 100


estado 91

   79 inlist: INLIST $@24 PARENTESIS_I ID . $@25 PUNTO_Y_COMA lista_expresiones PARENTESIS_F

    $default  reduce usando la regla 78 ($@25)

    $@25  ir al estado 101


estado 92

   20 iteracion: WHILE PARENTESIS_I condicion $@3 PARENTESIS_F $@4 . DO bloque $@5 ENDWHILE

    DO  desplazar e ir al estado 102


estado 93

   26 condicion: comparacion and_or $@8 comparacion .

    $default  reduce usando la regla 26 (condicion)


estado 94

   59 expresion: expresion OP_SUM $@18 termino .
   64 termino: termino . OP_MULT $@20 factor
   66        | termino . OP_DIV $@21 factor

    OP_MULT  desplazar e ir al estado 69
    OP_DIV   desplazar e ir al estado 70

    $default  reduce usando la regla 59 (expresion)


estado 95

   61 expresion: expresion OP_REST $@19 termino .
   64 termino: termino . OP_MULT $@20 factor
   66        | termino . OP_DIV $@21 factor

    OP_MULT  desplazar e ir al estado 69
    OP_DIV   desplazar e ir al estado 70

    $default  reduce usando la regla 61 (expresion)


estado 96

   64 termino: termino OP_MULT $@20 factor .

    $default  reduce usando la regla 64 (termino)


estado 97

   66 termino: termino OP_DIV $@21 factor .

    $default  reduce usando la regla 66 (termino)


estado 98

   23 seleccion: IF $@6 PARENTESIS_I condicion PARENTESIS_F $@7 . DO resto ENDIF

    DO  desplazar e ir al estado 103


estado 99

   54 var_dec: ID $@16 PARENTESIS_I CTE_INT $@17 . PARENTESIS_F

    PARENTESIS_F  desplazar e ir al estado 104


estado 100

   75 between: BETWEEN $@22 PARENTESIS_I ID $@23 . COMA rango PARENTESIS_F

    COMA  desplazar e ir al estado 105


estado 101

   79 inlist: INLIST $@24 PARENTESIS_I ID $@25 . PUNTO_Y_COMA lista_expresiones PARENTESIS_F

    PUNTO_Y_COMA  desplazar e ir al estado 106


estado 102

   20 iteracion: WHILE PARENTESIS_I condicion $@3 PARENTESIS_F $@4 DO . bloque $@5 ENDWHILE

    ID          desplazar e ir al estado 6
    DECVAR      desplazar e ir al estado 7
    WHILE       desplazar e ir al estado 8
    IF          desplazar e ir al estado 9
    READ        desplazar e ir al estado 10
    WRITE       desplazar e ir al estado 11
    COMENTARIO  desplazar e ir al estado 12

    bloque              ir al estado 107
    lista_sentencias    ir al estado 14
    sentencia           ir al estado 15
    asignacion          ir al estado 16
    iteracion           ir al estado 17
    seleccion           ir al estado 18
    lectura             ir al estado 19
    escritura           ir al estado 20
    bloque_declaracion  ir al estado 21


estado 103

   23 seleccion: IF $@6 PARENTESIS_I condicion PARENTESIS_F $@7 DO . resto ENDIF

    ID          desplazar e ir al estado 6
    DECVAR      desplazar e ir al estado 7
    WHILE       desplazar e ir al estado 8
    IF          desplazar e ir al estado 9
    READ        desplazar e ir al estado 10
    WRITE       desplazar e ir al estado 11
    COMENTARIO  desplazar e ir al estado 12

    bloque              ir al estado 108
    lista_sentencias    ir al estado 14
    sentencia           ir al estado 15
    asignacion          ir al estado 16
    iteracion           ir al estado 17
    seleccion           ir al estado 18
    resto               ir al estado 109
    lectura             ir al estado 19
    escritura           ir al estado 20
    bloque_declaracion  ir al estado 21


estado 104

   54 var_dec: ID $@16 PARENTESIS_I CTE_INT $@17 PARENTESIS_F .

    $default  reduce usando la regla 54 (var_dec)


estado 105

   75 between: BETWEEN $@22 PARENTESIS_I ID $@23 COMA . rango PARENTESIS_F

    CORCHETE_I  desplazar e ir al estado 110

    rango  ir al estado 111


estado 106

   79 inlist: INLIST $@24 PARENTESIS_I ID $@25 PUNTO_Y_COMA . lista_expresiones PARENTESIS_F

    CORCHETE_I  desplazar e ir al estado 112

    lista_expresiones  ir al estado 113


estado 107

   20 iteracion: WHILE PARENTESIS_I condicion $@3 PARENTESIS_F $@4 DO bloque . $@5 ENDWHILE

    $default  reduce usando la regla 19 ($@5)

    $@5  ir al estado 114


estado 108

   33 resto: bloque .
   36      | bloque . $@9 ELSE $@10 bloque
   41      | bloque . $@11 ELSIF $@12 PARENTESIS_I condicion PARENTESIS_F $@13 bloque ELSE $@14 bloque

    ELSE      reduce usando la regla 34 ($@9)
    ELSIF     reduce usando la regla 37 ($@11)
    $default  reduce usando la regla 33 (resto)

    $@9   ir al estado 115
    $@11  ir al estado 116


estado 109

   23 seleccion: IF $@6 PARENTESIS_I condicion PARENTESIS_F $@7 DO resto . ENDIF

    ENDIF  desplazar e ir al estado 117


estado 110

   76 rango: CORCHETE_I . expresion PUNTO_Y_COMA expresion CORCHETE_F

    CTE_INT       desplazar e ir al estado 36
    CTE_FLOAT     desplazar e ir al estado 37
    CTE_STRING    desplazar e ir al estado 38
    ID            desplazar e ir al estado 39
    PARENTESIS_I  desplazar e ir al estado 41

    expresion  ir al estado 118
    termino    ir al estado 47
    factor     ir al estado 48


estado 111

   75 between: BETWEEN $@22 PARENTESIS_I ID $@23 COMA rango . PARENTESIS_F

    PARENTESIS_F  desplazar e ir al estado 119


estado 112

   80 lista_expresiones: CORCHETE_I . expresiones CORCHETE_F

    CTE_INT       desplazar e ir al estado 36
    CTE_FLOAT     desplazar e ir al estado 37
    CTE_STRING    desplazar e ir al estado 38
    ID            desplazar e ir al estado 39
    PARENTESIS_I  desplazar e ir al estado 41

    expresion    ir al estado 120
    termino      ir al estado 47
    factor       ir al estado 48
    expresiones  ir al estado 121


estado 113

   79 inlist: INLIST $@24 PARENTESIS_I ID $@25 PUNTO_Y_COMA lista_expresiones . PARENTESIS_F

    PARENTESIS_F  desplazar e ir al estado 122


estado 114

   20 iteracion: WHILE PARENTESIS_I condicion $@3 PARENTESIS_F $@4 DO bloque $@5 . ENDWHILE

    ENDWHILE  desplazar e ir al estado 123


estado 115

   36 resto: bloque $@9 . ELSE $@10 bloque

    ELSE  desplazar e ir al estado 124


estado 116

   41 resto: bloque $@11 . ELSIF $@12 PARENTESIS_I condicion PARENTESIS_F $@13 bloque ELSE $@14 bloque

    ELSIF  desplazar e ir al estado 125


estado 117

   23 seleccion: IF $@6 PARENTESIS_I condicion PARENTESIS_F $@7 DO resto ENDIF .

    $default  reduce usando la regla 23 (seleccion)


estado 118

   59 expresion: expresion . OP_SUM $@18 termino
   61          | expresion . OP_REST $@19 termino
   76 rango: CORCHETE_I expresion . PUNTO_Y_COMA expresion CORCHETE_F

    OP_SUM        desplazar e ir al estado 66
    OP_REST       desplazar e ir al estado 67
    PUNTO_Y_COMA  desplazar e ir al estado 126


estado 119

   75 between: BETWEEN $@22 PARENTESIS_I ID $@23 COMA rango PARENTESIS_F .

    $default  reduce usando la regla 75 (between)


estado 120

   59 expresion: expresion . OP_SUM $@18 termino
   61          | expresion . OP_REST $@19 termino
   81 expresiones: expresion .
   82            | expresion . PUNTO_Y_COMA expresiones

    OP_SUM        desplazar e ir al estado 66
    OP_REST       desplazar e ir al estado 67
    PUNTO_Y_COMA  desplazar e ir al estado 127

    $default  reduce usando la regla 81 (expresiones)


estado 121

   80 lista_expresiones: CORCHETE_I expresiones . CORCHETE_F

    CORCHETE_F  desplazar e ir al estado 128


estado 122

   79 inlist: INLIST $@24 PARENTESIS_I ID $@25 PUNTO_Y_COMA lista_expresiones PARENTESIS_F .

    $default  reduce usando la regla 79 (inlist)


estado 123

   20 iteracion: WHILE PARENTESIS_I condicion $@3 PARENTESIS_F $@4 DO bloque $@5 ENDWHILE .

    $default  reduce usando la regla 20 (iteracion)


estado 124

   36 resto: bloque $@9 ELSE . $@10 bloque

    $default  reduce usando la regla 35 ($@10)

    $@10  ir al estado 129


estado 125

   41 resto: bloque $@11 ELSIF . $@12 PARENTESIS_I condicion PARENTESIS_F $@13 bloque ELSE $@14 bloque

    $default  reduce usando la regla 38 ($@12)

    $@12  ir al estado 130


estado 126

   76 rango: CORCHETE_I expresion PUNTO_Y_COMA . expresion CORCHETE_F

    CTE_INT       desplazar e ir al estado 36
    CTE_FLOAT     desplazar e ir al estado 37
    CTE_STRING    desplazar e ir al estado 38
    ID            desplazar e ir al estado 39
    PARENTESIS_I  desplazar e ir al estado 41

    expresion  ir al estado 131
    termino    ir al estado 47
    factor     ir al estado 48


estado 127

   82 expresiones: expresion PUNTO_Y_COMA . expresiones

    CTE_INT       desplazar e ir al estado 36
    CTE_FLOAT     desplazar e ir al estado 37
    CTE_STRING    desplazar e ir al estado 38
    ID            desplazar e ir al estado 39
    PARENTESIS_I  desplazar e ir al estado 41

    expresion    ir al estado 120
    termino      ir al estado 47
    factor       ir al estado 48
    expresiones  ir al estado 132


estado 128

   80 lista_expresiones: CORCHETE_I expresiones CORCHETE_F .

    $default  reduce usando la regla 80 (lista_expresiones)


estado 129

   36 resto: bloque $@9 ELSE $@10 . bloque

    ID          desplazar e ir al estado 6
    DECVAR      desplazar e ir al estado 7
    WHILE       desplazar e ir al estado 8
    IF          desplazar e ir al estado 9
    READ        desplazar e ir al estado 10
    WRITE       desplazar e ir al estado 11
    COMENTARIO  desplazar e ir al estado 12

    bloque              ir al estado 133
    lista_sentencias    ir al estado 14
    sentencia           ir al estado 15
    asignacion          ir al estado 16
    iteracion           ir al estado 17
    seleccion           ir al estado 18
    lectura             ir al estado 19
    escritura           ir al estado 20
    bloque_declaracion  ir al estado 21


estado 130

   41 resto: bloque $@11 ELSIF $@12 . PARENTESIS_I condicion PARENTESIS_F $@13 bloque ELSE $@14 bloque

    PARENTESIS_I  desplazar e ir al estado 134


estado 131

   59 expresion: expresion . OP_SUM $@18 termino
   61          | expresion . OP_REST $@19 termino
   76 rango: CORCHETE_I expresion PUNTO_Y_COMA expresion . CORCHETE_F

    OP_SUM      desplazar e ir al estado 66
    OP_REST     desplazar e ir al estado 67
    CORCHETE_F  desplazar e ir al estado 135


estado 132

   82 expresiones: expresion PUNTO_Y_COMA expresiones .

    $default  reduce usando la regla 82 (expresiones)


estado 133

   36 resto: bloque $@9 ELSE $@10 bloque .

    $default  reduce usando la regla 36 (resto)


estado 134

   41 resto: bloque $@11 ELSIF $@12 PARENTESIS_I . condicion PARENTESIS_F $@13 bloque ELSE $@14 bloque

    CTE_INT       desplazar e ir al estado 36
    CTE_FLOAT     desplazar e ir al estado 37
    CTE_STRING    desplazar e ir al estado 38
    ID            desplazar e ir al estado 39
    OP_NOT        desplazar e ir al estado 40
    PARENTESIS_I  desplazar e ir al estado 41
    BETWEEN       desplazar e ir al estado 42
    INLIST        desplazar e ir al estado 43

    condicion    ir al estado 136
    comparacion  ir al estado 45
    expresion    ir al estado 46
    termino      ir al estado 47
    factor       ir al estado 48
    between      ir al estado 49
    inlist       ir al estado 50


estado 135

   76 rango: CORCHETE_I expresion PUNTO_Y_COMA expresion CORCHETE_F .

    $default  reduce usando la regla 76 (rango)


estado 136

   41 resto: bloque $@11 ELSIF $@12 PARENTESIS_I condicion . PARENTESIS_F $@13 bloque ELSE $@14 bloque

    PARENTESIS_F  desplazar e ir al estado 137


estado 137

   41 resto: bloque $@11 ELSIF $@12 PARENTESIS_I condicion PARENTESIS_F . $@13 bloque ELSE $@14 bloque

    $default  reduce usando la regla 39 ($@13)

    $@13  ir al estado 138


estado 138

   41 resto: bloque $@11 ELSIF $@12 PARENTESIS_I condicion PARENTESIS_F $@13 . bloque ELSE $@14 bloque

    ID          desplazar e ir al estado 6
    DECVAR      desplazar e ir al estado 7
    WHILE       desplazar e ir al estado 8
    IF          desplazar e ir al estado 9
    READ        desplazar e ir al estado 10
    WRITE       desplazar e ir al estado 11
    COMENTARIO  desplazar e ir al estado 12

    bloque              ir al estado 139
    lista_sentencias    ir al estado 14
    sentencia           ir al estado 15
    asignacion          ir al estado 16
    iteracion           ir al estado 17
    seleccion           ir al estado 18
    lectura             ir al estado 19
    escritura           ir al estado 20
    bloque_declaracion  ir al estado 21


estado 139

   41 resto: bloque $@11 ELSIF $@12 PARENTESIS_I condicion PARENTESIS_F $@13 bloque . ELSE $@14 bloque

    ELSE  desplazar e ir al estado 140


estado 140

   41 resto: bloque $@11 ELSIF $@12 PARENTESIS_I condicion PARENTESIS_F $@13 bloque ELSE . $@14 bloque

    $default  reduce usando la regla 40 ($@14)

    $@14  ir al estado 141


estado 141

   41 resto: bloque $@11 ELSIF $@12 PARENTESIS_I condicion PARENTESIS_F $@13 bloque ELSE $@14 . bloque

    ID          desplazar e ir al estado 6
    DECVAR      desplazar e ir al estado 7
    WHILE       desplazar e ir al estado 8
    IF          desplazar e ir al estado 9
    READ        desplazar e ir al estado 10
    WRITE       desplazar e ir al estado 11
    COMENTARIO  desplazar e ir al estado 12

    bloque              ir al estado 142
    lista_sentencias    ir al estado 14
    sentencia           ir al estado 15
    asignacion          ir al estado 16
    iteracion           ir al estado 17
    seleccion           ir al estado 18
    lectura             ir al estado 19
    escritura           ir al estado 20
    bloque_declaracion  ir al estado 21


estado 142

   41 resto: bloque $@11 ELSIF $@12 PARENTESIS_I condicion PARENTESIS_F $@13 bloque ELSE $@14 bloque .

    $default  reduce usando la regla 41 (resto)
